<?xml version="1.0" encoding="UTF-8"?>
<!-- Generated by org.testng.reporters.JUnitXMLReporter -->
<testsuite ignored="0" hostname="Jatin_Passi" failures="0" tests="2" name="Allergy_Articals_Subscribe_letter" time="280.37" errors="0" timestamp="2023-07-24T16:17:24 IST">
  <testcase classname="PW_Smoke.Allergy_Articals_Subscribe_letter" name="subscribe_letter_Form" time="111.947"/>
  <testcase classname="PW_Smoke.Meeting_Coverage_View_All_View_More" name="meeting_Coverage" time="276.113"/>
</testsuite> <!-- Allergy_Articals_Subscribe_letter -->
