<?xml version="1.0" encoding="UTF-8"?>
<!-- Generated by org.testng.reporters.JUnitXMLReporter -->
<testsuite ignored="0" hostname="Jatin_Passi" failures="0" tests="3" name="Searchfeed" time="342.124" errors="0" timestamp="2023-07-24T16:18:25 IST">
  <testcase classname="PW_Smoke.Search_Feed_Articles" name="Homepage" time="80.908"/>
  <testcase classname="PW_Smoke.Search_Feed_Articles" name="_2mm" time="136.245"/>
  <testcase classname="PW_Smoke.Search_Feed_Articles" name="Pubmed" time="117.966"/>
</testsuite> <!-- Searchfeed -->
