<?xml version="1.0" encoding="UTF-8"?>
<!-- Generated by org.testng.reporters.JUnitXMLReporter -->
<testsuite ignored="0" hostname="Jatin_Passi" failures="0" tests="4" name="Test" time="298.93" errors="0" timestamp="2023-07-05T15:37:05 IST">
  <testcase classname="PW_Smoke.Rheumatology_Link_Check" name="rheumatology_link_Check" time="78.617"/>
  <testcase classname="PW_Smoke.Deep_Dives_Peer_to_Peer_View_All" name="deep_dives_peer_to_peer_view_All" time="82.047"/>
  <testcase classname="PW_Smoke.Homepage_Viewmore_Viewall_Clickability" name="homepage_viewmore_viewall_Clickability" time="91.829"/>
  <testcase classname="PW_Smoke.Gastroenterology_Subcat_Link_Check" name="gastroenterology_link_Check" time="294.188"/>
</testsuite> <!-- Test -->
