<?xml version="1.0" encoding="UTF-8"?>
<!-- Generated by org.testng.reporters.JUnitXMLReporter -->
<testsuite ignored="0" hostname="Jatin_Passi" failures="0" tests="4" name="Test" time="111.912" errors="0" timestamp="2023-07-24T16:11:56 IST">
  <testcase classname="PW_Smoke.Deep_Dives_Peer_to_Peer_View_All" name="deep_dives_peer_to_peer_view_All" time="9.735"/>
  <testcase classname="PW_Smoke.Rheumatology_Link_Check" name="rheumatology_link_Check" time="22.752"/>
  <testcase classname="PW_Smoke.Homepage_Viewmore_Viewall_Clickability" name="homepage_viewmore_viewall_Clickability" time="24.563"/>
  <testcase classname="PW_Smoke.Gastroenterology_Subcat_Link_Check" name="gastroenterology_link_Check" time="108.127"/>
</testsuite> <!-- Test -->
