<?xml version="1.0" encoding="UTF-8"?>
<!-- Generated by org.testng.reporters.JUnitXMLReporter -->
<testsuite ignored="0" hostname="Jatin_Passi" failures="0" tests="3" name="Searchfeed" time="238.727" errors="0" timestamp="2023-06-20T17:36:47 IST">
  <testcase classname="PW.Search_Feed_Articles" name="Homepage" time="41.304"/>
  <testcase classname="PW.Search_Feed_Articles" name="_2mm" time="92.809"/>
  <testcase classname="PW.Search_Feed_Articles" name="Pubmed" time="96.859"/>
</testsuite> <!-- Searchfeed -->
