<?xml version="1.0" encoding="UTF-8"?>
<testng-results ignored="0" total="5" passed="5" failed="0" skipped="0">
  <reporter-output>
  </reporter-output>
  <suite started-at="2023-07-24T16:12:43 IST" name="Suite" finished-at="2023-07-24T16:18:25 IST" duration-ms="342124">
    <groups>
    </groups>
    <test started-at="2023-07-24T16:12:43 IST" name="Allergy_Articals_Subscribe_letter" finished-at="2023-07-24T16:17:23 IST" duration-ms="280370">
      <class name="PW_Smoke.Allergy_Articals_Subscribe_letter">
        <test-method is-config="true" signature="setup()[pri:0, instance:PW_Smoke.Allergy_Articals_Subscribe_letter@2f953efd]" started-at="2023-07-24T16:12:43 IST" name="setup" finished-at="2023-07-24T16:12:47 IST" duration-ms="3930" status="PASS">
          <reporter-output>
          </reporter-output>
        </test-method> <!-- setup -->
        <test-method signature="subscribe_letter_Form()[pri:0, instance:PW_Smoke.Allergy_Articals_Subscribe_letter@2f953efd]" started-at="2023-07-24T16:12:47 IST" name="subscribe_letter_Form" finished-at="2023-07-24T16:14:39 IST" duration-ms="111947" status="PASS">
          <reporter-output>
          </reporter-output>
        </test-method> <!-- subscribe_letter_Form -->
      </class> <!-- PW_Smoke.Allergy_Articals_Subscribe_letter -->
      <class name="PW_Smoke.Meeting_Coverage_View_All_View_More">
        <test-method is-config="true" signature="setup()[pri:0, instance:PW_Smoke.Meeting_Coverage_View_All_View_More@49b2a47d]" started-at="2023-07-24T16:12:43 IST" name="setup" finished-at="2023-07-24T16:12:47 IST" duration-ms="3911" status="PASS">
          <reporter-output>
          </reporter-output>
        </test-method> <!-- setup -->
        <test-method signature="meeting_Coverage()[pri:0, instance:PW_Smoke.Meeting_Coverage_View_All_View_More@49b2a47d]" started-at="2023-07-24T16:12:47 IST" name="meeting_Coverage" finished-at="2023-07-24T16:17:23 IST" duration-ms="276113" status="PASS">
          <reporter-output>
          </reporter-output>
        </test-method> <!-- meeting_Coverage -->
      </class> <!-- PW_Smoke.Meeting_Coverage_View_All_View_More -->
    </test> <!-- Allergy_Articals_Subscribe_letter -->
    <test started-at="2023-07-24T16:12:43 IST" name="Searchfeed" finished-at="2023-07-24T16:18:25 IST" duration-ms="342124">
      <class name="PW_Smoke.Search_Feed_Articles">
        <test-method is-config="true" signature="setup()[pri:0, instance:PW_Smoke.Search_Feed_Articles@4149c063]" started-at="2023-07-24T16:12:43 IST" name="setup" finished-at="2023-07-24T16:12:47 IST" duration-ms="4024" status="PASS">
          <reporter-output>
          </reporter-output>
        </test-method> <!-- setup -->
        <test-method signature="Homepage()[pri:1, instance:PW_Smoke.Search_Feed_Articles@4149c063]" started-at="2023-07-24T16:12:47 IST" name="Homepage" finished-at="2023-07-24T16:14:08 IST" duration-ms="80908" status="PASS">
          <reporter-output>
          </reporter-output>
        </test-method> <!-- Homepage -->
        <test-method is-config="true" signature="setup()[pri:0, instance:PW_Smoke.Search_Feed_Articles@4149c063]" started-at="2023-07-24T16:14:08 IST" name="setup" finished-at="2023-07-24T16:14:09 IST" duration-ms="990" status="PASS">
          <reporter-output>
          </reporter-output>
        </test-method> <!-- setup -->
        <test-method signature="_2mm()[pri:2, instance:PW_Smoke.Search_Feed_Articles@4149c063]" started-at="2023-07-24T16:14:09 IST" name="_2mm" finished-at="2023-07-24T16:16:25 IST" duration-ms="136245" status="PASS">
          <reporter-output>
          </reporter-output>
        </test-method> <!-- _2mm -->
        <test-method is-config="true" signature="setup()[pri:0, instance:PW_Smoke.Search_Feed_Articles@4149c063]" started-at="2023-07-24T16:16:26 IST" name="setup" finished-at="2023-07-24T16:16:27 IST" duration-ms="1027" status="PASS">
          <reporter-output>
          </reporter-output>
        </test-method> <!-- setup -->
        <test-method signature="Pubmed()[pri:3, instance:PW_Smoke.Search_Feed_Articles@4149c063]" started-at="2023-07-24T16:16:27 IST" name="Pubmed" finished-at="2023-07-24T16:18:25 IST" duration-ms="117966" status="PASS">
          <reporter-output>
          </reporter-output>
        </test-method> <!-- Pubmed -->
      </class> <!-- PW_Smoke.Search_Feed_Articles -->
    </test> <!-- Searchfeed -->
  </suite> <!-- Suite -->
</testng-results>
